2024-01-21 22:51:06,914 [main] INFO  core.MainEnterHere - Starting MainEnterHere using Java 20.0.2 with PID 10436 (D:\Artur's documents\Study to be SWE\IT-Bootcamp 2024\userManagement\controllers\target\classes started by StaryArt in D:\Artur's documents\Study to be SWE\IT-Bootcamp 2024\userManagement)
2024-01-21 22:51:06,949 [main] INFO  core.MainEnterHere - No active profile set, falling back to 1 default profile: "default"
2024-01-21 22:51:09,297 [main] INFO  org.springframework.data.repository.config.RepositoryConfigurationDelegate - Bootstrapping Spring Data JPA repositories in DEFAULT mode.
2024-01-21 22:51:09,515 [main] INFO  org.springframework.data.repository.config.RepositoryConfigurationDelegate - Finished Spring Data repository scanning in 192 ms. Found 1 JPA repository interface.
2024-01-21 22:51:11,207 [main] INFO  org.springframework.boot.web.embedded.tomcat.TomcatWebServer - Tomcat initialized with port 8080 (http)
2024-01-21 22:51:11,238 [main] INFO  org.apache.coyote.http11.Http11NioProtocol - Initializing ProtocolHandler ["http-nio-8080"]
2024-01-21 22:51:11,243 [main] INFO  org.apache.catalina.core.StandardService - Starting service [Tomcat]
2024-01-21 22:51:11,244 [main] INFO  org.apache.catalina.core.StandardEngine - Starting Servlet engine: [Apache Tomcat/10.1.17]
2024-01-21 22:51:11,392 [main] INFO  org.apache.catalina.core.ContainerBase.[Tomcat].[localhost].[/] - Initializing Spring embedded WebApplicationContext
2024-01-21 22:51:11,395 [main] INFO  org.springframework.boot.web.servlet.context.ServletWebServerApplicationContext - Root WebApplicationContext: initialization completed in 4231 ms
2024-01-21 22:51:12,036 [main] INFO  org.hibernate.jpa.internal.util.LogHelper - HHH000204: Processing PersistenceUnitInfo [name: default]
2024-01-21 22:51:12,208 [main] INFO  org.hibernate.Version - HHH000412: Hibernate ORM core version 6.4.1.Final
2024-01-21 22:51:12,299 [main] INFO  org.hibernate.cache.internal.RegionFactoryInitiator - HHH000026: Second-level cache disabled
2024-01-21 22:51:12,941 [main] INFO  org.springframework.orm.jpa.persistenceunit.SpringPersistenceUnitInfo - No LoadTimeWeaver setup: ignoring JPA class transformer
2024-01-21 22:51:16,868 [main] INFO  org.hibernate.engine.transaction.jta.platform.internal.JtaPlatformInitiator - HHH000489: No JTA platform available (set 'hibernate.transaction.jta.platform' to enable JTA platform integration)
2024-01-21 22:51:17,038 [main] INFO  org.springframework.orm.jpa.LocalContainerEntityManagerFactoryBean - Initialized JPA EntityManagerFactory for persistence unit 'default'
2024-01-21 22:51:17,884 [main] WARN  org.springframework.boot.autoconfigure.orm.jpa.JpaBaseConfiguration$JpaWebConfiguration - spring.jpa.open-in-view is enabled by default. Therefore, database queries may be performed during view rendering. Explicitly configure spring.jpa.open-in-view to disable this warning
2024-01-21 22:51:18,897 [main] INFO  org.apache.coyote.http11.Http11NioProtocol - Starting ProtocolHandler ["http-nio-8080"]
2024-01-21 22:51:18,953 [main] INFO  org.springframework.boot.web.embedded.tomcat.TomcatWebServer - Tomcat started on port 8080 (http) with context path ''
2024-01-21 22:51:18,976 [main] INFO  core.MainEnterHere - Started MainEnterHere in 13.297 seconds (process running for 16.258)
2024-01-21 22:51:18,983 [main] INFO  core.MainEnterHere - Info log
2024-01-21 22:51:18,983 [main] WARN  core.MainEnterHere - This is a warning!
2024-01-21 22:51:18,984 [main] ERROR core.MainEnterHere - Attention! There is an Error. OK
2024-01-21 22:51:18,984 [main] FATAL core.MainEnterHere - Danger! Fatal error. Please fix it.
2024-01-21 22:51:18,984 [main] INFO  core.MainEnterHere - start logger
2024-01-21 22:56:24,085 [SpringApplicationShutdownHook] INFO  org.springframework.orm.jpa.LocalContainerEntityManagerFactoryBean - Closing JPA EntityManagerFactory for persistence unit 'default'
2024-01-21 22:57:48,027 [main] INFO  core.MainEnterHere - Starting MainEnterHere using Java 20.0.2 with PID 6252 (D:\Artur's documents\Study to be SWE\IT-Bootcamp 2024\userManagement\controllers\target\classes started by StaryArt in D:\Artur's documents\Study to be SWE\IT-Bootcamp 2024\userManagement)
2024-01-21 22:57:48,069 [main] INFO  core.MainEnterHere - No active profile set, falling back to 1 default profile: "default"
2024-01-21 22:57:50,303 [main] INFO  org.springframework.data.repository.config.RepositoryConfigurationDelegate - Bootstrapping Spring Data JPA repositories in DEFAULT mode.
2024-01-21 22:57:50,494 [main] INFO  org.springframework.data.repository.config.RepositoryConfigurationDelegate - Finished Spring Data repository scanning in 165 ms. Found 1 JPA repository interface.
2024-01-21 22:57:52,132 [main] INFO  org.springframework.boot.web.embedded.tomcat.TomcatWebServer - Tomcat initialized with port 8080 (http)
2024-01-21 22:57:52,158 [main] INFO  org.apache.coyote.http11.Http11NioProtocol - Initializing ProtocolHandler ["http-nio-8080"]
2024-01-21 22:57:52,162 [main] INFO  org.apache.catalina.core.StandardService - Starting service [Tomcat]
2024-01-21 22:57:52,164 [main] INFO  org.apache.catalina.core.StandardEngine - Starting Servlet engine: [Apache Tomcat/10.1.17]
2024-01-21 22:57:52,326 [main] INFO  org.apache.catalina.core.ContainerBase.[Tomcat].[localhost].[/] - Initializing Spring embedded WebApplicationContext
2024-01-21 22:57:52,330 [main] INFO  org.springframework.boot.web.servlet.context.ServletWebServerApplicationContext - Root WebApplicationContext: initialization completed in 4057 ms
2024-01-21 22:57:52,919 [main] INFO  org.hibernate.jpa.internal.util.LogHelper - HHH000204: Processing PersistenceUnitInfo [name: default]
2024-01-21 22:57:53,226 [main] INFO  org.hibernate.Version - HHH000412: Hibernate ORM core version 6.4.1.Final
2024-01-21 22:57:53,355 [main] INFO  org.hibernate.cache.internal.RegionFactoryInitiator - HHH000026: Second-level cache disabled
2024-01-21 22:57:54,195 [main] INFO  org.springframework.orm.jpa.persistenceunit.SpringPersistenceUnitInfo - No LoadTimeWeaver setup: ignoring JPA class transformer
2024-01-21 22:57:58,025 [main] INFO  org.hibernate.engine.transaction.jta.platform.internal.JtaPlatformInitiator - HHH000489: No JTA platform available (set 'hibernate.transaction.jta.platform' to enable JTA platform integration)
2024-01-21 22:57:58,160 [main] INFO  org.springframework.orm.jpa.LocalContainerEntityManagerFactoryBean - Initialized JPA EntityManagerFactory for persistence unit 'default'
2024-01-21 22:57:58,813 [main] WARN  org.springframework.boot.autoconfigure.orm.jpa.JpaBaseConfiguration$JpaWebConfiguration - spring.jpa.open-in-view is enabled by default. Therefore, database queries may be performed during view rendering. Explicitly configure spring.jpa.open-in-view to disable this warning
2024-01-21 22:57:59,792 [main] INFO  org.apache.coyote.http11.Http11NioProtocol - Starting ProtocolHandler ["http-nio-8080"]
2024-01-21 22:57:59,845 [main] INFO  org.springframework.boot.web.embedded.tomcat.TomcatWebServer - Tomcat started on port 8080 (http) with context path ''
2024-01-21 22:57:59,871 [main] INFO  core.MainEnterHere - Started MainEnterHere in 13.109 seconds (process running for 15.947)
2024-01-21 22:57:59,879 [main] INFO  core.MainEnterHere - Info log
2024-01-21 22:57:59,880 [main] WARN  core.MainEnterHere - This is a warning!
2024-01-21 22:57:59,880 [main] ERROR core.MainEnterHere - Attention! There is an Error. OK
2024-01-21 22:57:59,880 [main] FATAL core.MainEnterHere - Danger! Fatal error. Please fix it.
2024-01-21 22:57:59,881 [main] INFO  core.MainEnterHere - start logger
2024-01-21 22:59:20,800 [http-nio-8080-exec-1] INFO  org.apache.catalina.core.ContainerBase.[Tomcat].[localhost].[/] - Initializing Spring DispatcherServlet 'dispatcherServlet'
2024-01-21 22:59:20,801 [http-nio-8080-exec-1] INFO  org.springframework.web.servlet.DispatcherServlet - Initializing Servlet 'dispatcherServlet'
2024-01-21 22:59:20,805 [http-nio-8080-exec-1] INFO  org.springframework.web.servlet.DispatcherServlet - Completed initialization in 3 ms
2024-01-21 22:59:20,925 [http-nio-8080-exec-1] INFO  core.controller.UserController - List of users provided
2024-01-21 22:59:21,492 [http-nio-8080-exec-1] INFO  core.service.impl.UserServiceImpl - Service method getAll executed
